The system is: Linux - 4.9.75-gentoo-cjk - x86_64
Compiling the C compiler identification source file "CMakeCCompilerId.c" succeeded.
Compiler: /usr/bin/cc 
Build flags: 
Id flags:  

The output was:
0


Compilation of the C compiler identification source "CMakeCCompilerId.c" produced "a.out"

The C compiler identification is GNU, found in "/home/cw/下载/granite-0.3.0/CMakeFiles/3.10.1/CompilerIdC/a.out"

Determining if the C compiler works passed with the following output:
Change Dir: /home/cw/下载/granite-0.3.0/CMakeFiles/CMakeTmp

Run Build Command:"/usr/bin/gmake" "cmTC_a9d08/fast"
/usr/bin/gmake -f CMakeFiles/cmTC_a9d08.dir/build.make CMakeFiles/cmTC_a9d08.dir/build
gmake[1]: 进入目录“/home/cw/下载/granite-0.3.0/CMakeFiles/CMakeTmp”
Building C object CMakeFiles/cmTC_a9d08.dir/testCCompiler.c.o
/usr/bin/cc    -o CMakeFiles/cmTC_a9d08.dir/testCCompiler.c.o   -c /home/cw/下载/granite-0.3.0/CMakeFiles/CMakeTmp/testCCompiler.c
Linking C executable cmTC_a9d08
/usr/bin/cmake -E cmake_link_script CMakeFiles/cmTC_a9d08.dir/link.txt --verbose=1
/usr/bin/cc      -rdynamic CMakeFiles/cmTC_a9d08.dir/testCCompiler.c.o  -o cmTC_a9d08 
gmake[1]: 离开目录“/home/cw/下载/granite-0.3.0/CMakeFiles/CMakeTmp”


Detecting C compiler ABI info compiled with the following output:
Change Dir: /home/cw/下载/granite-0.3.0/CMakeFiles/CMakeTmp

Run Build Command:"/usr/bin/gmake" "cmTC_3614d/fast"
/usr/bin/gmake -f CMakeFiles/cmTC_3614d.dir/build.make CMakeFiles/cmTC_3614d.dir/build
gmake[1]: 进入目录“/home/cw/下载/granite-0.3.0/CMakeFiles/CMakeTmp”
Building C object CMakeFiles/cmTC_3614d.dir/CMakeCCompilerABI.c.o
/usr/bin/cc    -o CMakeFiles/cmTC_3614d.dir/CMakeCCompilerABI.c.o   -c /usr/share/cmake/Modules/CMakeCCompilerABI.c
Linking C executable cmTC_3614d
/usr/bin/cmake -E cmake_link_script CMakeFiles/cmTC_3614d.dir/link.txt --verbose=1
/usr/bin/cc     -v -rdynamic CMakeFiles/cmTC_3614d.dir/CMakeCCompilerABI.c.o  -o cmTC_3614d 
使用内建 specs。
COLLECT_GCC=/usr/x86_64-pc-linux-gnu/gcc-bin/7.2.0/gcc
COLLECT_LTO_WRAPPER=/usr/libexec/gcc/x86_64-pc-linux-gnu/7.2.0/lto-wrapper
目标：x86_64-pc-linux-gnu
配置为：/var/tmp/portage/sys-devel/gcc-7.2.0/work/gcc-7.2.0/configure --host=x86_64-pc-linux-gnu --build=x86_64-pc-linux-gnu --prefix=/usr --bindir=/usr/x86_64-pc-linux-gnu/gcc-bin/7.2.0 --includedir=/usr/lib/gcc/x86_64-pc-linux-gnu/7.2.0/include --datadir=/usr/share/gcc-data/x86_64-pc-linux-gnu/7.2.0 --mandir=/usr/share/gcc-data/x86_64-pc-linux-gnu/7.2.0/man --infodir=/usr/share/gcc-data/x86_64-pc-linux-gnu/7.2.0/info --with-gxx-include-dir=/usr/lib/gcc/x86_64-pc-linux-gnu/7.2.0/include/g++-v7 --with-python-dir=/share/gcc-data/x86_64-pc-linux-gnu/7.2.0/python --enable-languages=c,c++,go,fortran --enable-obsolete --enable-secureplt --disable-werror --with-system-zlib --enable-nls --without-included-gettext --enable-checking=release --with-bugurl=https://bugs.gentoo.org/ --with-pkgversion='Gentoo 7.2.0 p1.1' --disable-esp --enable-libstdcxx-time --enable-shared --enable-threads=posix --enable-__cxa_atexit --enable-clocale=gnu --enable-multilib --with-multilib-list=m32,m64 --disable-altivec --disable-fixed-point --enable-targets=all --disable-libgcj --enable-libgomp --disable-libmudflap --disable-libssp --disable-libcilkrts --disable-libmpx --enable-vtable-verify --enable-libvtv --enable-lto --without-isl --enable-libsanitizer --enable-default-pie --enable-default-ssp
线程模型：posix
gcc 版本 7.2.0 (Gentoo 7.2.0 p1.1) 
COMPILER_PATH=/usr/libexec/gcc/x86_64-pc-linux-gnu/7.2.0/:/usr/libexec/gcc/x86_64-pc-linux-gnu/7.2.0/:/usr/libexec/gcc/x86_64-pc-linux-gnu/:/usr/lib/gcc/x86_64-pc-linux-gnu/7.2.0/:/usr/lib/gcc/x86_64-pc-linux-gnu/:/usr/lib/gcc/x86_64-pc-linux-gnu/7.2.0/../../../../x86_64-pc-linux-gnu/bin/
LIBRARY_PATH=/usr/lib/gcc/x86_64-pc-linux-gnu/7.2.0/:/usr/lib/gcc/x86_64-pc-linux-gnu/7.2.0/../../../../lib64/:/lib/../lib64/:/usr/lib/../lib64/:/usr/lib/gcc/x86_64-pc-linux-gnu/7.2.0/../../../../x86_64-pc-linux-gnu/lib/:/usr/lib/gcc/x86_64-pc-linux-gnu/7.2.0/../../../:/lib/:/usr/lib/
COLLECT_GCC_OPTIONS='-v' '-rdynamic' '-o' 'cmTC_3614d' '-mtune=generic' '-march=x86-64'
 /usr/libexec/gcc/x86_64-pc-linux-gnu/7.2.0/collect2 -plugin /usr/libexec/gcc/x86_64-pc-linux-gnu/7.2.0/liblto_plugin.so -plugin-opt=/usr/libexec/gcc/x86_64-pc-linux-gnu/7.2.0/lto-wrapper -plugin-opt=-fresolution=/tmp/ccGzDWmI.res -plugin-opt=-pass-through=-lgcc -plugin-opt=-pass-through=-lgcc_s -plugin-opt=-pass-through=-lc -plugin-opt=-pass-through=-lgcc -plugin-opt=-pass-through=-lgcc_s --eh-frame-hdr -m elf_x86_64 -export-dynamic -dynamic-linker /lib64/ld-linux-x86-64.so.2 -pie -o cmTC_3614d /usr/lib/gcc/x86_64-pc-linux-gnu/7.2.0/../../../../lib64/Scrt1.o /usr/lib/gcc/x86_64-pc-linux-gnu/7.2.0/../../../../lib64/crti.o /usr/lib/gcc/x86_64-pc-linux-gnu/7.2.0/crtbeginS.o -L/usr/lib/gcc/x86_64-pc-linux-gnu/7.2.0 -L/usr/lib/gcc/x86_64-pc-linux-gnu/7.2.0/../../../../lib64 -L/lib/../lib64 -L/usr/lib/../lib64 -L/usr/lib/gcc/x86_64-pc-linux-gnu/7.2.0/../../../../x86_64-pc-linux-gnu/lib -L/usr/lib/gcc/x86_64-pc-linux-gnu/7.2.0/../../.. CMakeFiles/cmTC_3614d.dir/CMakeCCompilerABI.c.o -lgcc --as-needed -lgcc_s --no-as-needed -lc -lgcc --as-needed -lgcc_s --no-as-needed /usr/lib/gcc/x86_64-pc-linux-gnu/7.2.0/crtendS.o /usr/lib/gcc/x86_64-pc-linux-gnu/7.2.0/../../../../lib64/crtn.o
COLLECT_GCC_OPTIONS='-v' '-rdynamic' '-o' 'cmTC_3614d' '-mtune=generic' '-march=x86-64'
gmake[1]: 离开目录“/home/cw/下载/granite-0.3.0/CMakeFiles/CMakeTmp”


Parsed C implicit link information from above output:
  link line regex: [^( *|.*[/\])(ld|CMAKE_LINK_STARTFILE-NOTFOUND|([^/\]+-)?ld|collect2)[^/\]*( |$)]
  ignore line: [Change Dir: /home/cw/下载/granite-0.3.0/CMakeFiles/CMakeTmp]
  ignore line: []
  ignore line: [Run Build Command:"/usr/bin/gmake" "cmTC_3614d/fast"]
  ignore line: [/usr/bin/gmake -f CMakeFiles/cmTC_3614d.dir/build.make CMakeFiles/cmTC_3614d.dir/build]
  ignore line: [gmake[1]: 进入目录“/home/cw/下载/granite-0.3.0/CMakeFiles/CMakeTmp”]
  ignore line: [Building C object CMakeFiles/cmTC_3614d.dir/CMakeCCompilerABI.c.o]
  ignore line: [/usr/bin/cc    -o CMakeFiles/cmTC_3614d.dir/CMakeCCompilerABI.c.o   -c /usr/share/cmake/Modules/CMakeCCompilerABI.c]
  ignore line: [Linking C executable cmTC_3614d]
  ignore line: [/usr/bin/cmake -E cmake_link_script CMakeFiles/cmTC_3614d.dir/link.txt --verbose=1]
  ignore line: [/usr/bin/cc     -v -rdynamic CMakeFiles/cmTC_3614d.dir/CMakeCCompilerABI.c.o  -o cmTC_3614d ]
  ignore line: [使用内建 specs。]
  ignore line: [COLLECT_GCC=/usr/x86_64-pc-linux-gnu/gcc-bin/7.2.0/gcc]
  ignore line: [COLLECT_LTO_WRAPPER=/usr/libexec/gcc/x86_64-pc-linux-gnu/7.2.0/lto-wrapper]
  ignore line: [目标：x86_64-pc-linux-gnu]
  ignore line: [配置为：/var/tmp/portage/sys-devel/gcc-7.2.0/work/gcc-7.2.0/configure --host=x86_64-pc-linux-gnu --build=x86_64-pc-linux-gnu --prefix=/usr --bindir=/usr/x86_64-pc-linux-gnu/gcc-bin/7.2.0 --includedir=/usr/lib/gcc/x86_64-pc-linux-gnu/7.2.0/include --datadir=/usr/share/gcc-data/x86_64-pc-linux-gnu/7.2.0 --mandir=/usr/share/gcc-data/x86_64-pc-linux-gnu/7.2.0/man --infodir=/usr/share/gcc-data/x86_64-pc-linux-gnu/7.2.0/info --with-gxx-include-dir=/usr/lib/gcc/x86_64-pc-linux-gnu/7.2.0/include/g++-v7 --with-python-dir=/share/gcc-data/x86_64-pc-linux-gnu/7.2.0/python --enable-languages=c,c++,go,fortran --enable-obsolete --enable-secureplt --disable-werror --with-system-zlib --enable-nls --without-included-gettext --enable-checking=release --with-bugurl=https://bugs.gentoo.org/ --with-pkgversion='Gentoo 7.2.0 p1.1' --disable-esp --enable-libstdcxx-time --enable-shared --enable-threads=posix --enable-__cxa_atexit --enable-clocale=gnu --enable-multilib --with-multilib-list=m32,m64 --disable-altivec --disable-fixed-point --enable-targets=all --disable-libgcj --enable-libgomp --disable-libmudflap --disable-libssp --disable-libcilkrts --disable-libmpx --enable-vtable-verify --enable-libvtv --enable-lto --without-isl --enable-libsanitizer --enable-default-pie --enable-default-ssp]
  ignore line: [线程模型：posix]
  ignore line: [gcc 版本 7.2.0 (Gentoo 7.2.0 p1.1) ]
  ignore line: [COMPILER_PATH=/usr/libexec/gcc/x86_64-pc-linux-gnu/7.2.0/:/usr/libexec/gcc/x86_64-pc-linux-gnu/7.2.0/:/usr/libexec/gcc/x86_64-pc-linux-gnu/:/usr/lib/gcc/x86_64-pc-linux-gnu/7.2.0/:/usr/lib/gcc/x86_64-pc-linux-gnu/:/usr/lib/gcc/x86_64-pc-linux-gnu/7.2.0/../../../../x86_64-pc-linux-gnu/bin/]
  ignore line: [LIBRARY_PATH=/usr/lib/gcc/x86_64-pc-linux-gnu/7.2.0/:/usr/lib/gcc/x86_64-pc-linux-gnu/7.2.0/../../../../lib64/:/lib/../lib64/:/usr/lib/../lib64/:/usr/lib/gcc/x86_64-pc-linux-gnu/7.2.0/../../../../x86_64-pc-linux-gnu/lib/:/usr/lib/gcc/x86_64-pc-linux-gnu/7.2.0/../../../:/lib/:/usr/lib/]
  ignore line: [COLLECT_GCC_OPTIONS='-v' '-rdynamic' '-o' 'cmTC_3614d' '-mtune=generic' '-march=x86-64']
  link line: [ /usr/libexec/gcc/x86_64-pc-linux-gnu/7.2.0/collect2 -plugin /usr/libexec/gcc/x86_64-pc-linux-gnu/7.2.0/liblto_plugin.so -plugin-opt=/usr/libexec/gcc/x86_64-pc-linux-gnu/7.2.0/lto-wrapper -plugin-opt=-fresolution=/tmp/ccGzDWmI.res -plugin-opt=-pass-through=-lgcc -plugin-opt=-pass-through=-lgcc_s -plugin-opt=-pass-through=-lc -plugin-opt=-pass-through=-lgcc -plugin-opt=-pass-through=-lgcc_s --eh-frame-hdr -m elf_x86_64 -export-dynamic -dynamic-linker /lib64/ld-linux-x86-64.so.2 -pie -o cmTC_3614d /usr/lib/gcc/x86_64-pc-linux-gnu/7.2.0/../../../../lib64/Scrt1.o /usr/lib/gcc/x86_64-pc-linux-gnu/7.2.0/../../../../lib64/crti.o /usr/lib/gcc/x86_64-pc-linux-gnu/7.2.0/crtbeginS.o -L/usr/lib/gcc/x86_64-pc-linux-gnu/7.2.0 -L/usr/lib/gcc/x86_64-pc-linux-gnu/7.2.0/../../../../lib64 -L/lib/../lib64 -L/usr/lib/../lib64 -L/usr/lib/gcc/x86_64-pc-linux-gnu/7.2.0/../../../../x86_64-pc-linux-gnu/lib -L/usr/lib/gcc/x86_64-pc-linux-gnu/7.2.0/../../.. CMakeFiles/cmTC_3614d.dir/CMakeCCompilerABI.c.o -lgcc --as-needed -lgcc_s --no-as-needed -lc -lgcc --as-needed -lgcc_s --no-as-needed /usr/lib/gcc/x86_64-pc-linux-gnu/7.2.0/crtendS.o /usr/lib/gcc/x86_64-pc-linux-gnu/7.2.0/../../../../lib64/crtn.o]
    arg [/usr/libexec/gcc/x86_64-pc-linux-gnu/7.2.0/collect2] ==> ignore
    arg [-plugin] ==> ignore
    arg [/usr/libexec/gcc/x86_64-pc-linux-gnu/7.2.0/liblto_plugin.so] ==> ignore
    arg [-plugin-opt=/usr/libexec/gcc/x86_64-pc-linux-gnu/7.2.0/lto-wrapper] ==> ignore
    arg [-plugin-opt=-fresolution=/tmp/ccGzDWmI.res] ==> ignore
    arg [-plugin-opt=-pass-through=-lgcc] ==> ignore
    arg [-plugin-opt=-pass-through=-lgcc_s] ==> ignore
    arg [-plugin-opt=-pass-through=-lc] ==> ignore
    arg [-plugin-opt=-pass-through=-lgcc] ==> ignore
    arg [-plugin-opt=-pass-through=-lgcc_s] ==> ignore
    arg [--eh-frame-hdr] ==> ignore
    arg [-m] ==> ignore
    arg [elf_x86_64] ==> ignore
    arg [-export-dynamic] ==> ignore
    arg [-dynamic-linker] ==> ignore
    arg [/lib64/ld-linux-x86-64.so.2] ==> ignore
    arg [-pie] ==> ignore
    arg [-o] ==> ignore
    arg [cmTC_3614d] ==> ignore
    arg [/usr/lib/gcc/x86_64-pc-linux-gnu/7.2.0/../../../../lib64/Scrt1.o] ==> ignore
    arg [/usr/lib/gcc/x86_64-pc-linux-gnu/7.2.0/../../../../lib64/crti.o] ==> ignore
    arg [/usr/lib/gcc/x86_64-pc-linux-gnu/7.2.0/crtbeginS.o] ==> ignore
    arg [-L/usr/lib/gcc/x86_64-pc-linux-gnu/7.2.0] ==> dir [/usr/lib/gcc/x86_64-pc-linux-gnu/7.2.0]
    arg [-L/usr/lib/gcc/x86_64-pc-linux-gnu/7.2.0/../../../../lib64] ==> dir [/usr/lib/gcc/x86_64-pc-linux-gnu/7.2.0/../../../../lib64]
    arg [-L/lib/../lib64] ==> dir [/lib/../lib64]
    arg [-L/usr/lib/../lib64] ==> dir [/usr/lib/../lib64]
    arg [-L/usr/lib/gcc/x86_64-pc-linux-gnu/7.2.0/../../../../x86_64-pc-linux-gnu/lib] ==> dir [/usr/lib/gcc/x86_64-pc-linux-gnu/7.2.0/../../../../x86_64-pc-linux-gnu/lib]
    arg [-L/usr/lib/gcc/x86_64-pc-linux-gnu/7.2.0/../../..] ==> dir [/usr/lib/gcc/x86_64-pc-linux-gnu/7.2.0/../../..]
    arg [CMakeFiles/cmTC_3614d.dir/CMakeCCompilerABI.c.o] ==> ignore
    arg [-lgcc] ==> lib [gcc]
    arg [--as-needed] ==> ignore
    arg [-lgcc_s] ==> lib [gcc_s]
    arg [--no-as-needed] ==> ignore
    arg [-lc] ==> lib [c]
    arg [-lgcc] ==> lib [gcc]
    arg [--as-needed] ==> ignore
    arg [-lgcc_s] ==> lib [gcc_s]
    arg [--no-as-needed] ==> ignore
    arg [/usr/lib/gcc/x86_64-pc-linux-gnu/7.2.0/crtendS.o] ==> ignore
    arg [/usr/lib/gcc/x86_64-pc-linux-gnu/7.2.0/../../../../lib64/crtn.o] ==> ignore
  collapse library dir [/usr/lib/gcc/x86_64-pc-linux-gnu/7.2.0] ==> [/usr/lib/gcc/x86_64-pc-linux-gnu/7.2.0]
  collapse library dir [/usr/lib/gcc/x86_64-pc-linux-gnu/7.2.0/../../../../lib64] ==> [/usr/lib64]
  collapse library dir [/lib/../lib64] ==> [/lib64]
  collapse library dir [/usr/lib/../lib64] ==> [/usr/lib64]
  collapse library dir [/usr/lib/gcc/x86_64-pc-linux-gnu/7.2.0/../../../../x86_64-pc-linux-gnu/lib] ==> [/usr/x86_64-pc-linux-gnu/lib]
  collapse library dir [/usr/lib/gcc/x86_64-pc-linux-gnu/7.2.0/../../..] ==> [/usr/lib]
  implicit libs: [gcc;gcc_s;c;gcc;gcc_s]
  implicit dirs: [/usr/lib/gcc/x86_64-pc-linux-gnu/7.2.0;/usr/lib64;/lib64;/usr/x86_64-pc-linux-gnu/lib;/usr/lib]
  implicit fwks: []




Detecting C [-std=c11] compiler features compiled with the following output:
Change Dir: /home/cw/下载/granite-0.3.0/CMakeFiles/CMakeTmp

Run Build Command:"/usr/bin/gmake" "cmTC_cc475/fast"
/usr/bin/gmake -f CMakeFiles/cmTC_cc475.dir/build.make CMakeFiles/cmTC_cc475.dir/build
gmake[1]: 进入目录“/home/cw/下载/granite-0.3.0/CMakeFiles/CMakeTmp”
Building C object CMakeFiles/cmTC_cc475.dir/feature_tests.c.o
/usr/bin/cc   -std=c11 -o CMakeFiles/cmTC_cc475.dir/feature_tests.c.o   -c /home/cw/下载/granite-0.3.0/CMakeFiles/feature_tests.c
Linking C executable cmTC_cc475
/usr/bin/cmake -E cmake_link_script CMakeFiles/cmTC_cc475.dir/link.txt --verbose=1
/usr/bin/cc      -rdynamic CMakeFiles/cmTC_cc475.dir/feature_tests.c.o  -o cmTC_cc475 
gmake[1]: 离开目录“/home/cw/下载/granite-0.3.0/CMakeFiles/CMakeTmp”


    Feature record: C_FEATURE:1c_function_prototypes
    Feature record: C_FEATURE:1c_restrict
    Feature record: C_FEATURE:1c_static_assert
    Feature record: C_FEATURE:1c_variadic_macros


Detecting C [-std=c99] compiler features compiled with the following output:
Change Dir: /home/cw/下载/granite-0.3.0/CMakeFiles/CMakeTmp

Run Build Command:"/usr/bin/gmake" "cmTC_3f365/fast"
/usr/bin/gmake -f CMakeFiles/cmTC_3f365.dir/build.make CMakeFiles/cmTC_3f365.dir/build
gmake[1]: 进入目录“/home/cw/下载/granite-0.3.0/CMakeFiles/CMakeTmp”
Building C object CMakeFiles/cmTC_3f365.dir/feature_tests.c.o
/usr/bin/cc   -std=c99 -o CMakeFiles/cmTC_3f365.dir/feature_tests.c.o   -c /home/cw/下载/granite-0.3.0/CMakeFiles/feature_tests.c
Linking C executable cmTC_3f365
/usr/bin/cmake -E cmake_link_script CMakeFiles/cmTC_3f365.dir/link.txt --verbose=1
/usr/bin/cc      -rdynamic CMakeFiles/cmTC_3f365.dir/feature_tests.c.o  -o cmTC_3f365 
gmake[1]: 离开目录“/home/cw/下载/granite-0.3.0/CMakeFiles/CMakeTmp”


    Feature record: C_FEATURE:1c_function_prototypes
    Feature record: C_FEATURE:1c_restrict
    Feature record: C_FEATURE:0c_static_assert
    Feature record: C_FEATURE:1c_variadic_macros


Detecting C [-std=c90] compiler features compiled with the following output:
Change Dir: /home/cw/下载/granite-0.3.0/CMakeFiles/CMakeTmp

Run Build Command:"/usr/bin/gmake" "cmTC_0fb17/fast"
/usr/bin/gmake -f CMakeFiles/cmTC_0fb17.dir/build.make CMakeFiles/cmTC_0fb17.dir/build
gmake[1]: 进入目录“/home/cw/下载/granite-0.3.0/CMakeFiles/CMakeTmp”
Building C object CMakeFiles/cmTC_0fb17.dir/feature_tests.c.o
/usr/bin/cc   -std=c90 -o CMakeFiles/cmTC_0fb17.dir/feature_tests.c.o   -c /home/cw/下载/granite-0.3.0/CMakeFiles/feature_tests.c
Linking C executable cmTC_0fb17
/usr/bin/cmake -E cmake_link_script CMakeFiles/cmTC_0fb17.dir/link.txt --verbose=1
/usr/bin/cc      -rdynamic CMakeFiles/cmTC_0fb17.dir/feature_tests.c.o  -o cmTC_0fb17 
gmake[1]: 离开目录“/home/cw/下载/granite-0.3.0/CMakeFiles/CMakeTmp”


    Feature record: C_FEATURE:1c_function_prototypes
    Feature record: C_FEATURE:0c_restrict
    Feature record: C_FEATURE:0c_static_assert
    Feature record: C_FEATURE:0c_variadic_macros
